INFO flwr 2023-12-18 10:40:39,276 | app.py:163 | Starting Flower server, config: ServerConfig(num_rounds=100, round_timeout=None)
INFO flwr 2023-12-18 10:40:39,296 | app.py:176 | Flower ECE: gRPC server running (100 rounds), SSL is disabled
INFO flwr 2023-12-18 10:40:39,296 | server.py:89 | Initializing global parameters
INFO flwr 2023-12-18 10:40:39,296 | server.py:276 | Requesting initial parameters from one random client
Some weights of the model checkpoint at huawei-noah/TinyBERT_General_6L_768D were not used when initializing BertForSequenceClassification: ['cls.seq_relationship.weight', 'fit_denses.6.weight', 'fit_denses.1.weight', 'cls.predictions.bias', 'fit_denses.2.weight', 'cls.seq_relationship.bias', 'fit_denses.4.bias', 'cls.predictions.transform.dense.bias', 'cls.predictions.decoder.weight', 'fit_denses.5.weight', 'cls.predictions.transform.dense.weight', 'fit_denses.5.bias', 'fit_denses.0.bias', 'fit_denses.2.bias', 'cls.predictions.transform.LayerNorm.bias', 'fit_denses.0.weight', 'fit_denses.4.weight', 'fit_denses.3.bias', 'cls.predictions.transform.LayerNorm.weight', 'fit_denses.1.bias', 'fit_denses.6.bias', 'fit_denses.3.weight']
- This IS expected if you are initializing BertForSequenceClassification from the checkpoint of a model trained on another task or with another architecture (e.g. initializing a BertForSequenceClassification model from a BertForPreTraining model).
- This IS NOT expected if you are initializing BertForSequenceClassification from the checkpoint of a model that you expect to be exactly identical (initializing a BertForSequenceClassification model from a BertForSequenceClassification model).
Some weights of BertForSequenceClassification were not initialized from the model checkpoint at huawei-noah/TinyBERT_General_6L_768D and are newly initialized: ['classifier.weight', 'classifier.bias']
You should probably TRAIN this model on a down-stream task to be able to use it for predictions and inference.
Some weights of the model checkpoint at huawei-noah/TinyBERT_General_6L_768D were not used when initializing BertForSequenceClassification: ['cls.seq_relationship.weight', 'cls.predictions.transform.LayerNorm.weight', 'cls.predictions.transform.LayerNorm.bias', 'fit_denses.5.weight', 'fit_denses.3.weight', 'cls.seq_relationship.bias', 'fit_denses.0.weight', 'fit_denses.2.weight', 'cls.predictions.transform.dense.bias', 'fit_denses.5.bias', 'fit_denses.4.weight', 'fit_denses.6.weight', 'cls.predictions.decoder.weight', 'fit_denses.1.bias', 'fit_denses.3.bias', 'fit_denses.4.bias', 'fit_denses.1.weight', 'cls.predictions.transform.dense.weight', 'fit_denses.2.bias', 'fit_denses.6.bias', 'cls.predictions.bias', 'fit_denses.0.bias']
- This IS expected if you are initializing BertForSequenceClassification from the checkpoint of a model trained on another task or with another architecture (e.g. initializing a BertForSequenceClassification model from a BertForPreTraining model).
- This IS NOT expected if you are initializing BertForSequenceClassification from the checkpoint of a model that you expect to be exactly identical (initializing a BertForSequenceClassification model from a BertForSequenceClassification model).
Some weights of BertForSequenceClassification were not initialized from the model checkpoint at huawei-noah/TinyBERT_General_6L_768D and are newly initialized: ['classifier.bias', 'classifier.weight']
You should probably TRAIN this model on a down-stream task to be able to use it for predictions and inference.
Some weights of the model checkpoint at huawei-noah/TinyBERT_General_6L_768D were not used when initializing BertForSequenceClassification: ['fit_denses.0.weight', 'fit_denses.2.weight', 'cls.predictions.transform.dense.weight', 'cls.predictions.bias', 'cls.predictions.transform.dense.bias', 'fit_denses.6.bias', 'cls.predictions.decoder.weight', 'fit_denses.4.weight', 'fit_denses.3.weight', 'fit_denses.2.bias', 'fit_denses.1.bias', 'fit_denses.0.bias', 'fit_denses.5.weight', 'fit_denses.3.bias', 'cls.seq_relationship.weight', 'cls.predictions.transform.LayerNorm.bias', 'fit_denses.5.bias', 'fit_denses.1.weight', 'fit_denses.4.bias', 'fit_denses.6.weight', 'cls.predictions.transform.LayerNorm.weight', 'cls.seq_relationship.bias']
- This IS expected if you are initializing BertForSequenceClassification from the checkpoint of a model trained on another task or with another architecture (e.g. initializing a BertForSequenceClassification model from a BertForPreTraining model).
- This IS NOT expected if you are initializing BertForSequenceClassification from the checkpoint of a model that you expect to be exactly identical (initializing a BertForSequenceClassification model from a BertForSequenceClassification model).
Some weights of BertForSequenceClassification were not initialized from the model checkpoint at huawei-noah/TinyBERT_General_6L_768D and are newly initialized: ['classifier.bias', 'classifier.weight']
You should probably TRAIN this model on a down-stream task to be able to use it for predictions and inference.
Some weights of the model checkpoint at huawei-noah/TinyBERT_General_6L_768D were not used when initializing BertForSequenceClassification: ['cls.predictions.transform.dense.bias', 'fit_denses.2.bias', 'cls.predictions.transform.LayerNorm.bias', 'cls.seq_relationship.bias', 'fit_denses.5.weight', 'fit_denses.4.weight', 'cls.predictions.decoder.weight', 'fit_denses.1.bias', 'fit_denses.4.bias', 'fit_denses.3.bias', 'fit_denses.5.bias', 'cls.seq_relationship.weight', 'fit_denses.0.bias', 'fit_denses.3.weight', 'fit_denses.2.weight', 'cls.predictions.transform.LayerNorm.weight', 'cls.predictions.bias', 'fit_denses.1.weight', 'cls.predictions.transform.dense.weight', 'fit_denses.6.bias', 'fit_denses.0.weight', 'fit_denses.6.weight']
- This IS expected if you are initializing BertForSequenceClassification from the checkpoint of a model trained on another task or with another architecture (e.g. initializing a BertForSequenceClassification model from a BertForPreTraining model).
- This IS NOT expected if you are initializing BertForSequenceClassification from the checkpoint of a model that you expect to be exactly identical (initializing a BertForSequenceClassification model from a BertForSequenceClassification model).
Some weights of BertForSequenceClassification were not initialized from the model checkpoint at huawei-noah/TinyBERT_General_6L_768D and are newly initialized: ['classifier.bias', 'classifier.weight']
You should probably TRAIN this model on a down-stream task to be able to use it for predictions and inference.
Reusing dataset glue (/scratch/ml9027/.cache/glue/cola/1.0.0/dacbe3125aa31d7f70367a07a8a9e72a5a0bfeb5fc42e75c9db75b96da6053ad)
  0%|          | 0/3 [00:00<?, ?it/s]100%|██████████| 3/3 [00:00<00:00, 417.75it/s]
Loading cached processed dataset at /scratch/ml9027/.cache/glue/cola/1.0.0/dacbe3125aa31d7f70367a07a8a9e72a5a0bfeb5fc42e75c9db75b96da6053ad/cache-93aff4f4dcaeb739.arrow
Reusing dataset glue (/scratch/ml9027/.cache/glue/cola/1.0.0/dacbe3125aa31d7f70367a07a8a9e72a5a0bfeb5fc42e75c9db75b96da6053ad)
Loading cached processed dataset at /scratch/ml9027/.cache/glue/cola/1.0.0/dacbe3125aa31d7f70367a07a8a9e72a5a0bfeb5fc42e75c9db75b96da6053ad/cache-d2ef9dcd59b2bf3f.arrow
  0%|          | 0/3 [00:00<?, ?it/s]Loading cached processed dataset at /scratch/ml9027/.cache/glue/cola/1.0.0/dacbe3125aa31d7f70367a07a8a9e72a5a0bfeb5fc42e75c9db75b96da6053ad/cache-23629d86c01ce6fb.arrow
100%|██████████| 3/3 [00:00<00:00, 331.43it/s]
Loading cached processed dataset at /scratch/ml9027/.cache/glue/cola/1.0.0/dacbe3125aa31d7f70367a07a8a9e72a5a0bfeb5fc42e75c9db75b96da6053ad/cache-93aff4f4dcaeb739.arrow
Loading cached processed dataset at /scratch/ml9027/.cache/glue/cola/1.0.0/dacbe3125aa31d7f70367a07a8a9e72a5a0bfeb5fc42e75c9db75b96da6053ad/cache-d2ef9dcd59b2bf3f.arrow
Loading cached processed dataset at /scratch/ml9027/.cache/glue/cola/1.0.0/dacbe3125aa31d7f70367a07a8a9e72a5a0bfeb5fc42e75c9db75b96da6053ad/cache-23629d86c01ce6fb.arrow
Reusing dataset glue (/scratch/ml9027/.cache/glue/cola/1.0.0/dacbe3125aa31d7f70367a07a8a9e72a5a0bfeb5fc42e75c9db75b96da6053ad)
  0%|          | 0/3 [00:00<?, ?it/s]100%|██████████| 3/3 [00:00<00:00, 134.95it/s]
Loading cached processed dataset at /scratch/ml9027/.cache/glue/cola/1.0.0/dacbe3125aa31d7f70367a07a8a9e72a5a0bfeb5fc42e75c9db75b96da6053ad/cache-93aff4f4dcaeb739.arrow
Loading cached processed dataset at /scratch/ml9027/.cache/glue/cola/1.0.0/dacbe3125aa31d7f70367a07a8a9e72a5a0bfeb5fc42e75c9db75b96da6053ad/cache-d2ef9dcd59b2bf3f.arrow
INFO flwr 2023-12-18 10:42:29,383 | grpc.py:52 | Opened insecure gRPC connection (no certificates were passed)
Reusing dataset glue (/scratch/ml9027/.cache/glue/cola/1.0.0/dacbe3125aa31d7f70367a07a8a9e72a5a0bfeb5fc42e75c9db75b96da6053ad)
Loading cached processed dataset at /scratch/ml9027/.cache/glue/cola/1.0.0/dacbe3125aa31d7f70367a07a8a9e72a5a0bfeb5fc42e75c9db75b96da6053ad/cache-23629d86c01ce6fb.arrow
  0%|          | 0/3 [00:00<?, ?it/s]100%|██████████| 3/3 [00:00<00:00, 69.37it/s]
Loading cached processed dataset at /scratch/ml9027/.cache/glue/cola/1.0.0/dacbe3125aa31d7f70367a07a8a9e72a5a0bfeb5fc42e75c9db75b96da6053ad/cache-93aff4f4dcaeb739.arrow
Loading cached processed dataset at /scratch/ml9027/.cache/glue/cola/1.0.0/dacbe3125aa31d7f70367a07a8a9e72a5a0bfeb5fc42e75c9db75b96da6053ad/cache-d2ef9dcd59b2bf3f.arrow
Loading cached processed dataset at /scratch/ml9027/.cache/glue/cola/1.0.0/dacbe3125aa31d7f70367a07a8a9e72a5a0bfeb5fc42e75c9db75b96da6053ad/cache-23629d86c01ce6fb.arrow
INFO flwr 2023-12-18 10:42:29,524 | grpc.py:52 | Opened insecure gRPC connection (no certificates were passed)
DEBUG flwr 2023-12-18 10:42:29,591 | connection.py:42 | ChannelConnectivity.IDLE
DEBUG flwr 2023-12-18 10:42:29,591 | connection.py:42 | ChannelConnectivity.CONNECTING
DEBUG flwr 2023-12-18 10:42:29,644 | connection.py:42 | ChannelConnectivity.READY
DEBUG flwr 2023-12-18 10:42:29,646 | connection.py:42 | ChannelConnectivity.IDLE
DEBUG flwr 2023-12-18 10:42:29,647 | connection.py:42 | ChannelConnectivity.READY
INFO flwr 2023-12-18 10:42:29,791 | grpc.py:52 | Opened insecure gRPC connection (no certificates were passed)
INFO flwr 2023-12-18 10:42:29,837 | grpc.py:52 | Opened insecure gRPC connection (no certificates were passed)
DEBUG flwr 2023-12-18 10:42:29,891 | connection.py:42 | ChannelConnectivity.IDLE
DEBUG flwr 2023-12-18 10:42:29,891 | connection.py:42 | ChannelConnectivity.CONNECTING
DEBUG flwr 2023-12-18 10:42:29,953 | connection.py:42 | ChannelConnectivity.READY
DEBUG flwr 2023-12-18 10:42:29,953 | connection.py:42 | ChannelConnectivity.IDLE
DEBUG flwr 2023-12-18 10:42:29,954 | connection.py:42 | ChannelConnectivity.CONNECTING
DEBUG flwr 2023-12-18 10:42:30,041 | connection.py:42 | ChannelConnectivity.READY
INFO flwr 2023-12-18 10:42:31,972 | server.py:280 | Received initial parameters from one random client
INFO flwr 2023-12-18 10:42:31,972 | server.py:91 | Evaluating initial parameters
INFO flwr 2023-12-18 10:42:31,972 | server.py:104 | FL starting
DEBUG flwr 2023-12-18 10:42:31,972 | server.py:222 | fit_round 1: strategy sampled 4 clients (out of 4)
DEBUG flwr 2023-12-18 10:42:45,984 | server.py:236 | fit_round 1 received 4 results and 0 failures
WARNING flwr 2023-12-18 10:42:47,357 | fedavg.py:242 | No fit_metrics_aggregation_fn provided
DEBUG flwr 2023-12-18 10:42:47,362 | server.py:173 | evaluate_round 1: strategy sampled 4 clients (out of 4)
DEBUG flwr 2023-12-18 10:43:15,019 | server.py:187 | evaluate_round 1 received 4 results and 0 failures
WARNING flwr 2023-12-18 10:43:15,019 | fedavg.py:273 | No evaluate_metrics_aggregation_fn provided
DEBUG flwr 2023-12-18 10:43:15,019 | server.py:222 | fit_round 2: strategy sampled 4 clients (out of 4)
DEBUG flwr 2023-12-18 10:43:25,135 | server.py:236 | fit_round 2 received 4 results and 0 failures
DEBUG flwr 2023-12-18 10:43:26,331 | server.py:173 | evaluate_round 2: strategy sampled 4 clients (out of 4)
DEBUG flwr 2023-12-18 10:43:53,513 | server.py:187 | evaluate_round 2 received 4 results and 0 failures
DEBUG flwr 2023-12-18 10:43:53,513 | server.py:222 | fit_round 3: strategy sampled 4 clients (out of 4)
DEBUG flwr 2023-12-18 10:44:03,586 | server.py:236 | fit_round 3 received 4 results and 0 failures
DEBUG flwr 2023-12-18 10:44:04,860 | server.py:173 | evaluate_round 3: strategy sampled 4 clients (out of 4)
DEBUG flwr 2023-12-18 10:44:31,958 | server.py:187 | evaluate_round 3 received 4 results and 0 failures
DEBUG flwr 2023-12-18 10:44:31,959 | server.py:222 | fit_round 4: strategy sampled 4 clients (out of 4)
DEBUG flwr 2023-12-18 10:44:42,108 | server.py:236 | fit_round 4 received 4 results and 0 failures
DEBUG flwr 2023-12-18 10:44:43,255 | server.py:173 | evaluate_round 4: strategy sampled 4 clients (out of 4)
DEBUG flwr 2023-12-18 10:45:10,516 | server.py:187 | evaluate_round 4 received 4 results and 0 failures
DEBUG flwr 2023-12-18 10:45:10,516 | server.py:222 | fit_round 5: strategy sampled 4 clients (out of 4)
DEBUG flwr 2023-12-18 10:45:21,015 | server.py:236 | fit_round 5 received 4 results and 0 failures
DEBUG flwr 2023-12-18 10:45:22,173 | server.py:173 | evaluate_round 5: strategy sampled 4 clients (out of 4)
DEBUG flwr 2023-12-18 10:45:49,340 | server.py:187 | evaluate_round 5 received 4 results and 0 failures
DEBUG flwr 2023-12-18 10:45:49,341 | server.py:222 | fit_round 6: strategy sampled 4 clients (out of 4)
DEBUG flwr 2023-12-18 10:45:59,388 | server.py:236 | fit_round 6 received 4 results and 0 failures
DEBUG flwr 2023-12-18 10:46:00,653 | server.py:173 | evaluate_round 6: strategy sampled 4 clients (out of 4)
DEBUG flwr 2023-12-18 10:46:27,779 | server.py:187 | evaluate_round 6 received 4 results and 0 failures
DEBUG flwr 2023-12-18 10:46:27,780 | server.py:222 | fit_round 7: strategy sampled 4 clients (out of 4)
DEBUG flwr 2023-12-18 10:46:38,010 | server.py:236 | fit_round 7 received 4 results and 0 failures
DEBUG flwr 2023-12-18 10:46:39,195 | server.py:173 | evaluate_round 7: strategy sampled 4 clients (out of 4)
DEBUG flwr 2023-12-18 10:47:06,377 | server.py:187 | evaluate_round 7 received 4 results and 0 failures
DEBUG flwr 2023-12-18 10:47:06,378 | server.py:222 | fit_round 8: strategy sampled 4 clients (out of 4)
DEBUG flwr 2023-12-18 10:47:16,600 | server.py:236 | fit_round 8 received 4 results and 0 failures
DEBUG flwr 2023-12-18 10:47:17,744 | server.py:173 | evaluate_round 8: strategy sampled 4 clients (out of 4)
DEBUG flwr 2023-12-18 10:47:44,968 | server.py:187 | evaluate_round 8 received 4 results and 0 failures
DEBUG flwr 2023-12-18 10:47:44,968 | server.py:222 | fit_round 9: strategy sampled 4 clients (out of 4)
DEBUG flwr 2023-12-18 10:47:55,024 | server.py:236 | fit_round 9 received 4 results and 0 failures
DEBUG flwr 2023-12-18 10:47:56,176 | server.py:173 | evaluate_round 9: strategy sampled 4 clients (out of 4)
DEBUG flwr 2023-12-18 10:48:23,307 | server.py:187 | evaluate_round 9 received 4 results and 0 failures
DEBUG flwr 2023-12-18 10:48:23,307 | server.py:222 | fit_round 10: strategy sampled 4 clients (out of 4)
DEBUG flwr 2023-12-18 10:48:33,449 | server.py:236 | fit_round 10 received 4 results and 0 failures
DEBUG flwr 2023-12-18 10:48:34,595 | server.py:173 | evaluate_round 10: strategy sampled 4 clients (out of 4)
DEBUG flwr 2023-12-18 10:49:01,720 | server.py:187 | evaluate_round 10 received 4 results and 0 failures
DEBUG flwr 2023-12-18 10:49:01,720 | server.py:222 | fit_round 11: strategy sampled 4 clients (out of 4)
DEBUG flwr 2023-12-18 10:49:11,824 | server.py:236 | fit_round 11 received 4 results and 0 failures
DEBUG flwr 2023-12-18 10:49:12,995 | server.py:173 | evaluate_round 11: strategy sampled 4 clients (out of 4)
DEBUG flwr 2023-12-18 10:49:40,097 | server.py:187 | evaluate_round 11 received 4 results and 0 failures
DEBUG flwr 2023-12-18 10:49:40,097 | server.py:222 | fit_round 12: strategy sampled 4 clients (out of 4)
DEBUG flwr 2023-12-18 10:49:50,201 | server.py:236 | fit_round 12 received 4 results and 0 failures
DEBUG flwr 2023-12-18 10:49:51,393 | server.py:173 | evaluate_round 12: strategy sampled 4 clients (out of 4)
DEBUG flwr 2023-12-18 10:50:18,400 | server.py:187 | evaluate_round 12 received 4 results and 0 failures
DEBUG flwr 2023-12-18 10:50:18,400 | server.py:222 | fit_round 13: strategy sampled 4 clients (out of 4)
DEBUG flwr 2023-12-18 10:50:28,477 | server.py:236 | fit_round 13 received 4 results and 0 failures
DEBUG flwr 2023-12-18 10:50:29,717 | server.py:173 | evaluate_round 13: strategy sampled 4 clients (out of 4)
DEBUG flwr 2023-12-18 10:50:56,919 | server.py:187 | evaluate_round 13 received 4 results and 0 failures
DEBUG flwr 2023-12-18 10:50:56,920 | server.py:222 | fit_round 14: strategy sampled 4 clients (out of 4)
DEBUG flwr 2023-12-18 10:51:07,089 | server.py:236 | fit_round 14 received 4 results and 0 failures
DEBUG flwr 2023-12-18 10:51:08,255 | server.py:173 | evaluate_round 14: strategy sampled 4 clients (out of 4)
DEBUG flwr 2023-12-18 10:51:35,603 | server.py:187 | evaluate_round 14 received 4 results and 0 failures
DEBUG flwr 2023-12-18 10:51:35,603 | server.py:222 | fit_round 15: strategy sampled 4 clients (out of 4)
DEBUG flwr 2023-12-18 10:51:46,775 | server.py:236 | fit_round 15 received 4 results and 0 failures
DEBUG flwr 2023-12-18 10:51:47,822 | server.py:173 | evaluate_round 15: strategy sampled 4 clients (out of 4)
DEBUG flwr 2023-12-18 10:52:15,301 | server.py:187 | evaluate_round 15 received 4 results and 0 failures
DEBUG flwr 2023-12-18 10:52:15,301 | server.py:222 | fit_round 16: strategy sampled 4 clients (out of 4)
DEBUG flwr 2023-12-18 10:52:26,108 | server.py:236 | fit_round 16 received 4 results and 0 failures
DEBUG flwr 2023-12-18 10:52:27,175 | server.py:173 | evaluate_round 16: strategy sampled 4 clients (out of 4)
DEBUG flwr 2023-12-18 10:52:54,646 | server.py:187 | evaluate_round 16 received 4 results and 0 failures
DEBUG flwr 2023-12-18 10:52:54,646 | server.py:222 | fit_round 17: strategy sampled 4 clients (out of 4)
DEBUG flwr 2023-12-18 10:53:05,298 | server.py:236 | fit_round 17 received 4 results and 0 failures
DEBUG flwr 2023-12-18 10:53:06,418 | server.py:173 | evaluate_round 17: strategy sampled 4 clients (out of 4)
DEBUG flwr 2023-12-18 10:53:34,226 | server.py:187 | evaluate_round 17 received 4 results and 0 failures
DEBUG flwr 2023-12-18 10:53:34,248 | server.py:222 | fit_round 18: strategy sampled 4 clients (out of 4)
DEBUG flwr 2023-12-18 10:53:44,929 | server.py:236 | fit_round 18 received 4 results and 0 failures
DEBUG flwr 2023-12-18 10:53:46,033 | server.py:173 | evaluate_round 18: strategy sampled 4 clients (out of 4)
DEBUG flwr 2023-12-18 10:54:13,678 | server.py:187 | evaluate_round 18 received 4 results and 0 failures
DEBUG flwr 2023-12-18 10:54:13,678 | server.py:222 | fit_round 19: strategy sampled 4 clients (out of 4)
DEBUG flwr 2023-12-18 10:54:24,274 | server.py:236 | fit_round 19 received 4 results and 0 failures
DEBUG flwr 2023-12-18 10:54:25,366 | server.py:173 | evaluate_round 19: strategy sampled 4 clients (out of 4)
DEBUG flwr 2023-12-18 10:54:53,092 | server.py:187 | evaluate_round 19 received 4 results and 0 failures
DEBUG flwr 2023-12-18 10:54:53,092 | server.py:222 | fit_round 20: strategy sampled 4 clients (out of 4)
DEBUG flwr 2023-12-18 10:55:03,487 | server.py:236 | fit_round 20 received 4 results and 0 failures
DEBUG flwr 2023-12-18 10:55:04,599 | server.py:173 | evaluate_round 20: strategy sampled 4 clients (out of 4)
DEBUG flwr 2023-12-18 10:55:31,891 | server.py:187 | evaluate_round 20 received 4 results and 0 failures
DEBUG flwr 2023-12-18 10:55:31,891 | server.py:222 | fit_round 21: strategy sampled 4 clients (out of 4)
DEBUG flwr 2023-12-18 10:55:42,694 | server.py:236 | fit_round 21 received 4 results and 0 failures
DEBUG flwr 2023-12-18 10:55:43,778 | server.py:173 | evaluate_round 21: strategy sampled 4 clients (out of 4)
DEBUG flwr 2023-12-18 10:56:11,404 | server.py:187 | evaluate_round 21 received 4 results and 0 failures
DEBUG flwr 2023-12-18 10:56:11,404 | server.py:222 | fit_round 22: strategy sampled 4 clients (out of 4)
DEBUG flwr 2023-12-18 10:56:22,115 | server.py:236 | fit_round 22 received 4 results and 0 failures
DEBUG flwr 2023-12-18 10:56:23,185 | server.py:173 | evaluate_round 22: strategy sampled 4 clients (out of 4)
DEBUG flwr 2023-12-18 10:56:50,762 | server.py:187 | evaluate_round 22 received 4 results and 0 failures
DEBUG flwr 2023-12-18 10:56:50,777 | server.py:222 | fit_round 23: strategy sampled 4 clients (out of 4)
DEBUG flwr 2023-12-18 10:57:01,546 | server.py:236 | fit_round 23 received 4 results and 0 failures
DEBUG flwr 2023-12-18 10:57:02,601 | server.py:173 | evaluate_round 23: strategy sampled 4 clients (out of 4)
DEBUG flwr 2023-12-18 10:57:29,974 | server.py:187 | evaluate_round 23 received 4 results and 0 failures
DEBUG flwr 2023-12-18 10:57:29,974 | server.py:222 | fit_round 24: strategy sampled 4 clients (out of 4)
DEBUG flwr 2023-12-18 10:57:40,855 | server.py:236 | fit_round 24 received 4 results and 0 failures
DEBUG flwr 2023-12-18 10:57:41,920 | server.py:173 | evaluate_round 24: strategy sampled 4 clients (out of 4)
DEBUG flwr 2023-12-18 10:58:09,351 | server.py:187 | evaluate_round 24 received 4 results and 0 failures
DEBUG flwr 2023-12-18 10:58:09,351 | server.py:222 | fit_round 25: strategy sampled 4 clients (out of 4)
DEBUG flwr 2023-12-18 10:58:20,005 | server.py:236 | fit_round 25 received 4 results and 0 failures
DEBUG flwr 2023-12-18 10:58:21,077 | server.py:173 | evaluate_round 25: strategy sampled 4 clients (out of 4)
DEBUG flwr 2023-12-18 10:58:48,558 | server.py:187 | evaluate_round 25 received 4 results and 0 failures
DEBUG flwr 2023-12-18 10:58:48,558 | server.py:222 | fit_round 26: strategy sampled 4 clients (out of 4)
DEBUG flwr 2023-12-18 10:58:59,126 | server.py:236 | fit_round 26 received 4 results and 0 failures
DEBUG flwr 2023-12-18 10:59:00,204 | server.py:173 | evaluate_round 26: strategy sampled 4 clients (out of 4)
DEBUG flwr 2023-12-18 10:59:27,668 | server.py:187 | evaluate_round 26 received 4 results and 0 failures
DEBUG flwr 2023-12-18 10:59:27,668 | server.py:222 | fit_round 27: strategy sampled 4 clients (out of 4)
DEBUG flwr 2023-12-18 10:59:38,327 | server.py:236 | fit_round 27 received 4 results and 0 failures
DEBUG flwr 2023-12-18 10:59:39,386 | server.py:173 | evaluate_round 27: strategy sampled 4 clients (out of 4)
DEBUG flwr 2023-12-18 11:00:06,693 | server.py:187 | evaluate_round 27 received 4 results and 0 failures
DEBUG flwr 2023-12-18 11:00:06,693 | server.py:222 | fit_round 28: strategy sampled 4 clients (out of 4)
DEBUG flwr 2023-12-18 11:00:17,379 | server.py:236 | fit_round 28 received 4 results and 0 failures
DEBUG flwr 2023-12-18 11:00:18,443 | server.py:173 | evaluate_round 28: strategy sampled 4 clients (out of 4)
DEBUG flwr 2023-12-18 11:00:46,029 | server.py:187 | evaluate_round 28 received 4 results and 0 failures
DEBUG flwr 2023-12-18 11:00:46,029 | server.py:222 | fit_round 29: strategy sampled 4 clients (out of 4)
DEBUG flwr 2023-12-18 11:00:56,771 | server.py:236 | fit_round 29 received 4 results and 0 failures
DEBUG flwr 2023-12-18 11:00:57,867 | server.py:173 | evaluate_round 29: strategy sampled 4 clients (out of 4)
DEBUG flwr 2023-12-18 11:01:25,349 | server.py:187 | evaluate_round 29 received 4 results and 0 failures
DEBUG flwr 2023-12-18 11:01:25,349 | server.py:222 | fit_round 30: strategy sampled 4 clients (out of 4)
DEBUG flwr 2023-12-18 11:01:36,164 | server.py:236 | fit_round 30 received 4 results and 0 failures
DEBUG flwr 2023-12-18 11:01:37,304 | server.py:173 | evaluate_round 30: strategy sampled 4 clients (out of 4)
DEBUG flwr 2023-12-18 11:02:04,821 | server.py:187 | evaluate_round 30 received 4 results and 0 failures
DEBUG flwr 2023-12-18 11:02:04,821 | server.py:222 | fit_round 31: strategy sampled 4 clients (out of 4)
DEBUG flwr 2023-12-18 11:02:15,705 | server.py:236 | fit_round 31 received 4 results and 0 failures
DEBUG flwr 2023-12-18 11:02:16,846 | server.py:173 | evaluate_round 31: strategy sampled 4 clients (out of 4)
DEBUG flwr 2023-12-18 11:02:44,348 | server.py:187 | evaluate_round 31 received 4 results and 0 failures
DEBUG flwr 2023-12-18 11:02:44,349 | server.py:222 | fit_round 32: strategy sampled 4 clients (out of 4)
DEBUG flwr 2023-12-18 11:02:55,223 | server.py:236 | fit_round 32 received 4 results and 0 failures
DEBUG flwr 2023-12-18 11:02:56,280 | server.py:173 | evaluate_round 32: strategy sampled 4 clients (out of 4)
DEBUG flwr 2023-12-18 11:03:23,804 | server.py:187 | evaluate_round 32 received 4 results and 0 failures
DEBUG flwr 2023-12-18 11:03:23,804 | server.py:222 | fit_round 33: strategy sampled 4 clients (out of 4)
DEBUG flwr 2023-12-18 11:03:34,589 | server.py:236 | fit_round 33 received 4 results and 0 failures
DEBUG flwr 2023-12-18 11:03:35,654 | server.py:173 | evaluate_round 33: strategy sampled 4 clients (out of 4)
DEBUG flwr 2023-12-18 11:04:03,098 | server.py:187 | evaluate_round 33 received 4 results and 0 failures
DEBUG flwr 2023-12-18 11:04:03,098 | server.py:222 | fit_round 34: strategy sampled 4 clients (out of 4)
DEBUG flwr 2023-12-18 11:04:13,654 | server.py:236 | fit_round 34 received 4 results and 0 failures
DEBUG flwr 2023-12-18 11:04:14,717 | server.py:173 | evaluate_round 34: strategy sampled 4 clients (out of 4)
DEBUG flwr 2023-12-18 11:04:42,136 | server.py:187 | evaluate_round 34 received 4 results and 0 failures
DEBUG flwr 2023-12-18 11:04:42,136 | server.py:222 | fit_round 35: strategy sampled 4 clients (out of 4)
DEBUG flwr 2023-12-18 11:04:52,870 | server.py:236 | fit_round 35 received 4 results and 0 failures
DEBUG flwr 2023-12-18 11:04:53,945 | server.py:173 | evaluate_round 35: strategy sampled 4 clients (out of 4)
DEBUG flwr 2023-12-18 11:05:21,412 | server.py:187 | evaluate_round 35 received 4 results and 0 failures
DEBUG flwr 2023-12-18 11:05:21,412 | server.py:222 | fit_round 36: strategy sampled 4 clients (out of 4)
DEBUG flwr 2023-12-18 11:05:32,075 | server.py:236 | fit_round 36 received 4 results and 0 failures
DEBUG flwr 2023-12-18 11:05:33,137 | server.py:173 | evaluate_round 36: strategy sampled 4 clients (out of 4)
DEBUG flwr 2023-12-18 11:06:00,616 | server.py:187 | evaluate_round 36 received 4 results and 0 failures
DEBUG flwr 2023-12-18 11:06:00,616 | server.py:222 | fit_round 37: strategy sampled 4 clients (out of 4)
DEBUG flwr 2023-12-18 11:06:11,346 | server.py:236 | fit_round 37 received 4 results and 0 failures
DEBUG flwr 2023-12-18 11:06:12,407 | server.py:173 | evaluate_round 37: strategy sampled 4 clients (out of 4)
DEBUG flwr 2023-12-18 11:06:39,828 | server.py:187 | evaluate_round 37 received 4 results and 0 failures
DEBUG flwr 2023-12-18 11:06:39,828 | server.py:222 | fit_round 38: strategy sampled 4 clients (out of 4)
DEBUG flwr 2023-12-18 11:06:50,549 | server.py:236 | fit_round 38 received 4 results and 0 failures
DEBUG flwr 2023-12-18 11:06:51,615 | server.py:173 | evaluate_round 38: strategy sampled 4 clients (out of 4)
DEBUG flwr 2023-12-18 11:07:19,128 | server.py:187 | evaluate_round 38 received 4 results and 0 failures
DEBUG flwr 2023-12-18 11:07:19,128 | server.py:222 | fit_round 39: strategy sampled 4 clients (out of 4)
DEBUG flwr 2023-12-18 11:07:29,959 | server.py:236 | fit_round 39 received 4 results and 0 failures
DEBUG flwr 2023-12-18 11:07:31,058 | server.py:173 | evaluate_round 39: strategy sampled 4 clients (out of 4)
DEBUG flwr 2023-12-18 11:07:58,594 | server.py:187 | evaluate_round 39 received 4 results and 0 failures
DEBUG flwr 2023-12-18 11:07:58,594 | server.py:222 | fit_round 40: strategy sampled 4 clients (out of 4)
DEBUG flwr 2023-12-18 11:08:09,499 | server.py:236 | fit_round 40 received 4 results and 0 failures
DEBUG flwr 2023-12-18 11:08:10,578 | server.py:173 | evaluate_round 40: strategy sampled 4 clients (out of 4)
DEBUG flwr 2023-12-18 11:08:38,112 | server.py:187 | evaluate_round 40 received 4 results and 0 failures
DEBUG flwr 2023-12-18 11:08:38,113 | server.py:222 | fit_round 41: strategy sampled 4 clients (out of 4)
DEBUG flwr 2023-12-18 11:08:49,021 | server.py:236 | fit_round 41 received 4 results and 0 failures
DEBUG flwr 2023-12-18 11:08:50,086 | server.py:173 | evaluate_round 41: strategy sampled 4 clients (out of 4)
DEBUG flwr 2023-12-18 11:09:17,596 | server.py:187 | evaluate_round 41 received 4 results and 0 failures
DEBUG flwr 2023-12-18 11:09:17,596 | server.py:222 | fit_round 42: strategy sampled 4 clients (out of 4)
DEBUG flwr 2023-12-18 11:09:28,260 | server.py:236 | fit_round 42 received 4 results and 0 failures
DEBUG flwr 2023-12-18 11:09:29,343 | server.py:173 | evaluate_round 42: strategy sampled 4 clients (out of 4)
DEBUG flwr 2023-12-18 11:09:56,772 | server.py:187 | evaluate_round 42 received 4 results and 0 failures
DEBUG flwr 2023-12-18 11:09:56,772 | server.py:222 | fit_round 43: strategy sampled 4 clients (out of 4)
DEBUG flwr 2023-12-18 11:10:07,443 | server.py:236 | fit_round 43 received 4 results and 0 failures
DEBUG flwr 2023-12-18 11:10:08,506 | server.py:173 | evaluate_round 43: strategy sampled 4 clients (out of 4)
DEBUG flwr 2023-12-18 11:10:35,835 | server.py:187 | evaluate_round 43 received 4 results and 0 failures
DEBUG flwr 2023-12-18 11:10:35,835 | server.py:222 | fit_round 44: strategy sampled 4 clients (out of 4)
DEBUG flwr 2023-12-18 11:10:46,566 | server.py:236 | fit_round 44 received 4 results and 0 failures
DEBUG flwr 2023-12-18 11:10:47,660 | server.py:173 | evaluate_round 44: strategy sampled 4 clients (out of 4)
DEBUG flwr 2023-12-18 11:11:15,055 | server.py:187 | evaluate_round 44 received 4 results and 0 failures
DEBUG flwr 2023-12-18 11:11:15,055 | server.py:222 | fit_round 45: strategy sampled 4 clients (out of 4)
DEBUG flwr 2023-12-18 11:11:25,774 | server.py:236 | fit_round 45 received 4 results and 0 failures
DEBUG flwr 2023-12-18 11:11:26,916 | server.py:173 | evaluate_round 45: strategy sampled 4 clients (out of 4)
DEBUG flwr 2023-12-18 11:11:54,252 | server.py:187 | evaluate_round 45 received 4 results and 0 failures
DEBUG flwr 2023-12-18 11:11:54,252 | server.py:222 | fit_round 46: strategy sampled 4 clients (out of 4)
DEBUG flwr 2023-12-18 11:12:04,970 | server.py:236 | fit_round 46 received 4 results and 0 failures
DEBUG flwr 2023-12-18 11:12:06,069 | server.py:173 | evaluate_round 46: strategy sampled 4 clients (out of 4)
DEBUG flwr 2023-12-18 11:12:33,560 | server.py:187 | evaluate_round 46 received 4 results and 0 failures
DEBUG flwr 2023-12-18 11:12:33,560 | server.py:222 | fit_round 47: strategy sampled 4 clients (out of 4)
DEBUG flwr 2023-12-18 11:12:44,165 | server.py:236 | fit_round 47 received 4 results and 0 failures
DEBUG flwr 2023-12-18 11:12:45,236 | server.py:173 | evaluate_round 47: strategy sampled 4 clients (out of 4)
DEBUG flwr 2023-12-18 11:13:12,786 | server.py:187 | evaluate_round 47 received 4 results and 0 failures
DEBUG flwr 2023-12-18 11:13:12,786 | server.py:222 | fit_round 48: strategy sampled 4 clients (out of 4)
DEBUG flwr 2023-12-18 11:13:23,494 | server.py:236 | fit_round 48 received 4 results and 0 failures
DEBUG flwr 2023-12-18 11:13:24,556 | server.py:173 | evaluate_round 48: strategy sampled 4 clients (out of 4)
DEBUG flwr 2023-12-18 11:13:52,077 | server.py:187 | evaluate_round 48 received 4 results and 0 failures
DEBUG flwr 2023-12-18 11:13:52,077 | server.py:222 | fit_round 49: strategy sampled 4 clients (out of 4)
DEBUG flwr 2023-12-18 11:14:03,071 | server.py:236 | fit_round 49 received 4 results and 0 failures
DEBUG flwr 2023-12-18 11:14:04,140 | server.py:173 | evaluate_round 49: strategy sampled 4 clients (out of 4)
DEBUG flwr 2023-12-18 11:14:31,803 | server.py:187 | evaluate_round 49 received 4 results and 0 failures
DEBUG flwr 2023-12-18 11:14:31,803 | server.py:222 | fit_round 50: strategy sampled 4 clients (out of 4)
DEBUG flwr 2023-12-18 11:14:42,784 | server.py:236 | fit_round 50 received 4 results and 0 failures
DEBUG flwr 2023-12-18 11:14:43,871 | server.py:173 | evaluate_round 50: strategy sampled 4 clients (out of 4)
DEBUG flwr 2023-12-18 11:15:11,315 | server.py:187 | evaluate_round 50 received 4 results and 0 failures
DEBUG flwr 2023-12-18 11:15:11,315 | server.py:222 | fit_round 51: strategy sampled 4 clients (out of 4)
DEBUG flwr 2023-12-18 11:15:22,152 | server.py:236 | fit_round 51 received 4 results and 0 failures
DEBUG flwr 2023-12-18 11:15:23,250 | server.py:173 | evaluate_round 51: strategy sampled 4 clients (out of 4)
DEBUG flwr 2023-12-18 11:15:50,726 | server.py:187 | evaluate_round 51 received 4 results and 0 failures
DEBUG flwr 2023-12-18 11:15:50,726 | server.py:222 | fit_round 52: strategy sampled 4 clients (out of 4)
DEBUG flwr 2023-12-18 11:16:01,494 | server.py:236 | fit_round 52 received 4 results and 0 failures
DEBUG flwr 2023-12-18 11:16:02,564 | server.py:173 | evaluate_round 52: strategy sampled 4 clients (out of 4)
DEBUG flwr 2023-12-18 11:16:29,931 | server.py:187 | evaluate_round 52 received 4 results and 0 failures
DEBUG flwr 2023-12-18 11:16:29,931 | server.py:222 | fit_round 53: strategy sampled 4 clients (out of 4)
DEBUG flwr 2023-12-18 11:16:40,663 | server.py:236 | fit_round 53 received 4 results and 0 failures
DEBUG flwr 2023-12-18 11:16:41,732 | server.py:173 | evaluate_round 53: strategy sampled 4 clients (out of 4)
DEBUG flwr 2023-12-18 11:17:09,214 | server.py:187 | evaluate_round 53 received 4 results and 0 failures
DEBUG flwr 2023-12-18 11:17:09,214 | server.py:222 | fit_round 54: strategy sampled 4 clients (out of 4)
DEBUG flwr 2023-12-18 11:17:20,049 | server.py:236 | fit_round 54 received 4 results and 0 failures
DEBUG flwr 2023-12-18 11:17:21,116 | server.py:173 | evaluate_round 54: strategy sampled 4 clients (out of 4)
DEBUG flwr 2023-12-18 11:17:48,567 | server.py:187 | evaluate_round 54 received 4 results and 0 failures
DEBUG flwr 2023-12-18 11:17:48,567 | server.py:222 | fit_round 55: strategy sampled 4 clients (out of 4)
DEBUG flwr 2023-12-18 11:17:59,280 | server.py:236 | fit_round 55 received 4 results and 0 failures
DEBUG flwr 2023-12-18 11:18:00,337 | server.py:173 | evaluate_round 55: strategy sampled 4 clients (out of 4)
DEBUG flwr 2023-12-18 11:18:27,929 | server.py:187 | evaluate_round 55 received 4 results and 0 failures
DEBUG flwr 2023-12-18 11:18:27,929 | server.py:222 | fit_round 56: strategy sampled 4 clients (out of 4)
DEBUG flwr 2023-12-18 11:18:38,705 | server.py:236 | fit_round 56 received 4 results and 0 failures
DEBUG flwr 2023-12-18 11:18:39,775 | server.py:173 | evaluate_round 56: strategy sampled 4 clients (out of 4)
DEBUG flwr 2023-12-18 11:19:07,337 | server.py:187 | evaluate_round 56 received 4 results and 0 failures
DEBUG flwr 2023-12-18 11:19:07,337 | server.py:222 | fit_round 57: strategy sampled 4 clients (out of 4)
DEBUG flwr 2023-12-18 11:19:18,133 | server.py:236 | fit_round 57 received 4 results and 0 failures
DEBUG flwr 2023-12-18 11:19:19,228 | server.py:173 | evaluate_round 57: strategy sampled 4 clients (out of 4)
DEBUG flwr 2023-12-18 11:19:46,839 | server.py:187 | evaluate_round 57 received 4 results and 0 failures
DEBUG flwr 2023-12-18 11:19:46,839 | server.py:222 | fit_round 58: strategy sampled 4 clients (out of 4)
DEBUG flwr 2023-12-18 11:19:57,721 | server.py:236 | fit_round 58 received 4 results and 0 failures
DEBUG flwr 2023-12-18 11:19:58,825 | server.py:173 | evaluate_round 58: strategy sampled 4 clients (out of 4)
DEBUG flwr 2023-12-18 11:20:26,339 | server.py:187 | evaluate_round 58 received 4 results and 0 failures
DEBUG flwr 2023-12-18 11:20:26,339 | server.py:222 | fit_round 59: strategy sampled 4 clients (out of 4)
DEBUG flwr 2023-12-18 11:20:37,276 | server.py:236 | fit_round 59 received 4 results and 0 failures
DEBUG flwr 2023-12-18 11:20:38,392 | server.py:173 | evaluate_round 59: strategy sampled 4 clients (out of 4)
DEBUG flwr 2023-12-18 11:21:05,874 | server.py:187 | evaluate_round 59 received 4 results and 0 failures
DEBUG flwr 2023-12-18 11:21:05,874 | server.py:222 | fit_round 60: strategy sampled 4 clients (out of 4)
DEBUG flwr 2023-12-18 11:21:16,640 | server.py:236 | fit_round 60 received 4 results and 0 failures
DEBUG flwr 2023-12-18 11:21:17,697 | server.py:173 | evaluate_round 60: strategy sampled 4 clients (out of 4)
DEBUG flwr 2023-12-18 11:21:45,148 | server.py:187 | evaluate_round 60 received 4 results and 0 failures
DEBUG flwr 2023-12-18 11:21:45,148 | server.py:222 | fit_round 61: strategy sampled 4 clients (out of 4)
DEBUG flwr 2023-12-18 11:21:56,018 | server.py:236 | fit_round 61 received 4 results and 0 failures
DEBUG flwr 2023-12-18 11:21:57,128 | server.py:173 | evaluate_round 61: strategy sampled 4 clients (out of 4)
DEBUG flwr 2023-12-18 11:22:24,552 | server.py:187 | evaluate_round 61 received 4 results and 0 failures
DEBUG flwr 2023-12-18 11:22:24,572 | server.py:222 | fit_round 62: strategy sampled 4 clients (out of 4)
DEBUG flwr 2023-12-18 11:22:35,373 | server.py:236 | fit_round 62 received 4 results and 0 failures
DEBUG flwr 2023-12-18 11:22:36,429 | server.py:173 | evaluate_round 62: strategy sampled 4 clients (out of 4)
DEBUG flwr 2023-12-18 11:23:03,887 | server.py:187 | evaluate_round 62 received 4 results and 0 failures
DEBUG flwr 2023-12-18 11:23:03,887 | server.py:222 | fit_round 63: strategy sampled 4 clients (out of 4)
DEBUG flwr 2023-12-18 11:23:14,706 | server.py:236 | fit_round 63 received 4 results and 0 failures
DEBUG flwr 2023-12-18 11:23:15,771 | server.py:173 | evaluate_round 63: strategy sampled 4 clients (out of 4)
DEBUG flwr 2023-12-18 11:23:43,240 | server.py:187 | evaluate_round 63 received 4 results and 0 failures
DEBUG flwr 2023-12-18 11:23:43,240 | server.py:222 | fit_round 64: strategy sampled 4 clients (out of 4)
DEBUG flwr 2023-12-18 11:23:54,001 | server.py:236 | fit_round 64 received 4 results and 0 failures
DEBUG flwr 2023-12-18 11:23:55,070 | server.py:173 | evaluate_round 64: strategy sampled 4 clients (out of 4)
DEBUG flwr 2023-12-18 11:24:22,468 | server.py:187 | evaluate_round 64 received 4 results and 0 failures
DEBUG flwr 2023-12-18 11:24:22,474 | server.py:222 | fit_round 65: strategy sampled 4 clients (out of 4)
DEBUG flwr 2023-12-18 11:24:33,483 | server.py:236 | fit_round 65 received 4 results and 0 failures
DEBUG flwr 2023-12-18 11:24:34,553 | server.py:173 | evaluate_round 65: strategy sampled 4 clients (out of 4)
DEBUG flwr 2023-12-18 11:25:02,185 | server.py:187 | evaluate_round 65 received 4 results and 0 failures
DEBUG flwr 2023-12-18 11:25:02,185 | server.py:222 | fit_round 66: strategy sampled 4 clients (out of 4)
DEBUG flwr 2023-12-18 11:25:12,901 | server.py:236 | fit_round 66 received 4 results and 0 failures
DEBUG flwr 2023-12-18 11:25:13,960 | server.py:173 | evaluate_round 66: strategy sampled 4 clients (out of 4)
DEBUG flwr 2023-12-18 11:25:41,488 | server.py:187 | evaluate_round 66 received 4 results and 0 failures
DEBUG flwr 2023-12-18 11:25:41,488 | server.py:222 | fit_round 67: strategy sampled 4 clients (out of 4)
DEBUG flwr 2023-12-18 11:25:52,340 | server.py:236 | fit_round 67 received 4 results and 0 failures
DEBUG flwr 2023-12-18 11:25:53,406 | server.py:173 | evaluate_round 67: strategy sampled 4 clients (out of 4)
DEBUG flwr 2023-12-18 11:26:20,927 | server.py:187 | evaluate_round 67 received 4 results and 0 failures
DEBUG flwr 2023-12-18 11:26:20,927 | server.py:222 | fit_round 68: strategy sampled 4 clients (out of 4)
DEBUG flwr 2023-12-18 11:26:31,823 | server.py:236 | fit_round 68 received 4 results and 0 failures
DEBUG flwr 2023-12-18 11:26:32,894 | server.py:173 | evaluate_round 68: strategy sampled 4 clients (out of 4)
DEBUG flwr 2023-12-18 11:27:00,315 | server.py:187 | evaluate_round 68 received 4 results and 0 failures
DEBUG flwr 2023-12-18 11:27:00,316 | server.py:222 | fit_round 69: strategy sampled 4 clients (out of 4)
DEBUG flwr 2023-12-18 11:27:11,096 | server.py:236 | fit_round 69 received 4 results and 0 failures
DEBUG flwr 2023-12-18 11:27:12,197 | server.py:173 | evaluate_round 69: strategy sampled 4 clients (out of 4)
DEBUG flwr 2023-12-18 11:27:39,621 | server.py:187 | evaluate_round 69 received 4 results and 0 failures
DEBUG flwr 2023-12-18 11:27:39,621 | server.py:222 | fit_round 70: strategy sampled 4 clients (out of 4)
DEBUG flwr 2023-12-18 11:27:50,344 | server.py:236 | fit_round 70 received 4 results and 0 failures
DEBUG flwr 2023-12-18 11:27:51,477 | server.py:173 | evaluate_round 70: strategy sampled 4 clients (out of 4)
DEBUG flwr 2023-12-18 11:28:18,984 | server.py:187 | evaluate_round 70 received 4 results and 0 failures
DEBUG flwr 2023-12-18 11:28:18,984 | server.py:222 | fit_round 71: strategy sampled 4 clients (out of 4)
DEBUG flwr 2023-12-18 11:28:29,759 | server.py:236 | fit_round 71 received 4 results and 0 failures
DEBUG flwr 2023-12-18 11:28:30,845 | server.py:173 | evaluate_round 71: strategy sampled 4 clients (out of 4)
DEBUG flwr 2023-12-18 11:28:58,352 | server.py:187 | evaluate_round 71 received 4 results and 0 failures
DEBUG flwr 2023-12-18 11:28:58,352 | server.py:222 | fit_round 72: strategy sampled 4 clients (out of 4)
DEBUG flwr 2023-12-18 11:29:09,009 | server.py:236 | fit_round 72 received 4 results and 0 failures
DEBUG flwr 2023-12-18 11:29:10,063 | server.py:173 | evaluate_round 72: strategy sampled 4 clients (out of 4)
DEBUG flwr 2023-12-18 11:29:37,407 | server.py:187 | evaluate_round 72 received 4 results and 0 failures
DEBUG flwr 2023-12-18 11:29:37,407 | server.py:222 | fit_round 73: strategy sampled 4 clients (out of 4)
DEBUG flwr 2023-12-18 11:29:48,167 | server.py:236 | fit_round 73 received 4 results and 0 failures
DEBUG flwr 2023-12-18 11:29:49,235 | server.py:173 | evaluate_round 73: strategy sampled 4 clients (out of 4)
DEBUG flwr 2023-12-18 11:30:16,599 | server.py:187 | evaluate_round 73 received 4 results and 0 failures
DEBUG flwr 2023-12-18 11:30:16,599 | server.py:222 | fit_round 74: strategy sampled 4 clients (out of 4)
DEBUG flwr 2023-12-18 11:30:27,262 | server.py:236 | fit_round 74 received 4 results and 0 failures
DEBUG flwr 2023-12-18 11:30:28,354 | server.py:173 | evaluate_round 74: strategy sampled 4 clients (out of 4)
DEBUG flwr 2023-12-18 11:30:55,775 | server.py:187 | evaluate_round 74 received 4 results and 0 failures
DEBUG flwr 2023-12-18 11:30:55,775 | server.py:222 | fit_round 75: strategy sampled 4 clients (out of 4)
DEBUG flwr 2023-12-18 11:31:06,512 | server.py:236 | fit_round 75 received 4 results and 0 failures
DEBUG flwr 2023-12-18 11:31:07,591 | server.py:173 | evaluate_round 75: strategy sampled 4 clients (out of 4)
DEBUG flwr 2023-12-18 11:31:35,109 | server.py:187 | evaluate_round 75 received 4 results and 0 failures
DEBUG flwr 2023-12-18 11:31:35,109 | server.py:222 | fit_round 76: strategy sampled 4 clients (out of 4)
DEBUG flwr 2023-12-18 11:31:45,923 | server.py:236 | fit_round 76 received 4 results and 0 failures
DEBUG flwr 2023-12-18 11:31:46,984 | server.py:173 | evaluate_round 76: strategy sampled 4 clients (out of 4)
DEBUG flwr 2023-12-18 11:32:14,387 | server.py:187 | evaluate_round 76 received 4 results and 0 failures
DEBUG flwr 2023-12-18 11:32:14,387 | server.py:222 | fit_round 77: strategy sampled 4 clients (out of 4)
DEBUG flwr 2023-12-18 11:32:25,258 | server.py:236 | fit_round 77 received 4 results and 0 failures
DEBUG flwr 2023-12-18 11:32:26,315 | server.py:173 | evaluate_round 77: strategy sampled 4 clients (out of 4)
DEBUG flwr 2023-12-18 11:32:53,771 | server.py:187 | evaluate_round 77 received 4 results and 0 failures
DEBUG flwr 2023-12-18 11:32:53,771 | server.py:222 | fit_round 78: strategy sampled 4 clients (out of 4)
DEBUG flwr 2023-12-18 11:33:04,420 | server.py:236 | fit_round 78 received 4 results and 0 failures
DEBUG flwr 2023-12-18 11:33:05,484 | server.py:173 | evaluate_round 78: strategy sampled 4 clients (out of 4)
DEBUG flwr 2023-12-18 11:33:32,851 | server.py:187 | evaluate_round 78 received 4 results and 0 failures
DEBUG flwr 2023-12-18 11:33:32,851 | server.py:222 | fit_round 79: strategy sampled 4 clients (out of 4)
DEBUG flwr 2023-12-18 11:33:43,639 | server.py:236 | fit_round 79 received 4 results and 0 failures
DEBUG flwr 2023-12-18 11:33:44,716 | server.py:173 | evaluate_round 79: strategy sampled 4 clients (out of 4)
DEBUG flwr 2023-12-18 11:34:12,185 | server.py:187 | evaluate_round 79 received 4 results and 0 failures
DEBUG flwr 2023-12-18 11:34:12,185 | server.py:222 | fit_round 80: strategy sampled 4 clients (out of 4)
DEBUG flwr 2023-12-18 11:34:22,822 | server.py:236 | fit_round 80 received 4 results and 0 failures
DEBUG flwr 2023-12-18 11:34:23,882 | server.py:173 | evaluate_round 80: strategy sampled 4 clients (out of 4)
DEBUG flwr 2023-12-18 11:34:51,229 | server.py:187 | evaluate_round 80 received 4 results and 0 failures
DEBUG flwr 2023-12-18 11:34:51,229 | server.py:222 | fit_round 81: strategy sampled 4 clients (out of 4)
DEBUG flwr 2023-12-18 11:35:01,978 | server.py:236 | fit_round 81 received 4 results and 0 failures
DEBUG flwr 2023-12-18 11:35:03,046 | server.py:173 | evaluate_round 81: strategy sampled 4 clients (out of 4)
DEBUG flwr 2023-12-18 11:35:30,448 | server.py:187 | evaluate_round 81 received 4 results and 0 failures
DEBUG flwr 2023-12-18 11:35:30,448 | server.py:222 | fit_round 82: strategy sampled 4 clients (out of 4)
DEBUG flwr 2023-12-18 11:35:40,971 | server.py:236 | fit_round 82 received 4 results and 0 failures
DEBUG flwr 2023-12-18 11:35:42,056 | server.py:173 | evaluate_round 82: strategy sampled 4 clients (out of 4)
DEBUG flwr 2023-12-18 11:36:09,456 | server.py:187 | evaluate_round 82 received 4 results and 0 failures
DEBUG flwr 2023-12-18 11:36:09,456 | server.py:222 | fit_round 83: strategy sampled 4 clients (out of 4)
DEBUG flwr 2023-12-18 11:36:20,196 | server.py:236 | fit_round 83 received 4 results and 0 failures
DEBUG flwr 2023-12-18 11:36:21,302 | server.py:173 | evaluate_round 83: strategy sampled 4 clients (out of 4)
DEBUG flwr 2023-12-18 11:36:48,794 | server.py:187 | evaluate_round 83 received 4 results and 0 failures
DEBUG flwr 2023-12-18 11:36:48,794 | server.py:222 | fit_round 84: strategy sampled 4 clients (out of 4)
DEBUG flwr 2023-12-18 11:36:59,401 | server.py:236 | fit_round 84 received 4 results and 0 failures
DEBUG flwr 2023-12-18 11:37:00,481 | server.py:173 | evaluate_round 84: strategy sampled 4 clients (out of 4)
DEBUG flwr 2023-12-18 11:37:27,967 | server.py:187 | evaluate_round 84 received 4 results and 0 failures
DEBUG flwr 2023-12-18 11:37:27,967 | server.py:222 | fit_round 85: strategy sampled 4 clients (out of 4)
DEBUG flwr 2023-12-18 11:37:38,870 | server.py:236 | fit_round 85 received 4 results and 0 failures
DEBUG flwr 2023-12-18 11:37:39,962 | server.py:173 | evaluate_round 85: strategy sampled 4 clients (out of 4)
DEBUG flwr 2023-12-18 11:38:07,472 | server.py:187 | evaluate_round 85 received 4 results and 0 failures
DEBUG flwr 2023-12-18 11:38:07,472 | server.py:222 | fit_round 86: strategy sampled 4 clients (out of 4)
DEBUG flwr 2023-12-18 11:38:18,100 | server.py:236 | fit_round 86 received 4 results and 0 failures
DEBUG flwr 2023-12-18 11:38:19,156 | server.py:173 | evaluate_round 86: strategy sampled 4 clients (out of 4)
DEBUG flwr 2023-12-18 11:38:46,492 | server.py:187 | evaluate_round 86 received 4 results and 0 failures
DEBUG flwr 2023-12-18 11:38:46,492 | server.py:222 | fit_round 87: strategy sampled 4 clients (out of 4)
DEBUG flwr 2023-12-18 11:38:57,160 | server.py:236 | fit_round 87 received 4 results and 0 failures
DEBUG flwr 2023-12-18 11:38:58,230 | server.py:173 | evaluate_round 87: strategy sampled 4 clients (out of 4)
DEBUG flwr 2023-12-18 11:39:25,701 | server.py:187 | evaluate_round 87 received 4 results and 0 failures
DEBUG flwr 2023-12-18 11:39:25,701 | server.py:222 | fit_round 88: strategy sampled 4 clients (out of 4)
DEBUG flwr 2023-12-18 11:39:36,482 | server.py:236 | fit_round 88 received 4 results and 0 failures
DEBUG flwr 2023-12-18 11:39:37,550 | server.py:173 | evaluate_round 88: strategy sampled 4 clients (out of 4)
DEBUG flwr 2023-12-18 11:40:05,012 | server.py:187 | evaluate_round 88 received 4 results and 0 failures
DEBUG flwr 2023-12-18 11:40:05,013 | server.py:222 | fit_round 89: strategy sampled 4 clients (out of 4)
DEBUG flwr 2023-12-18 11:40:15,753 | server.py:236 | fit_round 89 received 4 results and 0 failures
DEBUG flwr 2023-12-18 11:40:16,833 | server.py:173 | evaluate_round 89: strategy sampled 4 clients (out of 4)
DEBUG flwr 2023-12-18 11:40:44,540 | server.py:187 | evaluate_round 89 received 4 results and 0 failures
DEBUG flwr 2023-12-18 11:40:44,540 | server.py:222 | fit_round 90: strategy sampled 4 clients (out of 4)
DEBUG flwr 2023-12-18 11:40:55,284 | server.py:236 | fit_round 90 received 4 results and 0 failures
DEBUG flwr 2023-12-18 11:40:56,351 | server.py:173 | evaluate_round 90: strategy sampled 4 clients (out of 4)
DEBUG flwr 2023-12-18 11:41:23,817 | server.py:187 | evaluate_round 90 received 4 results and 0 failures
DEBUG flwr 2023-12-18 11:41:23,817 | server.py:222 | fit_round 91: strategy sampled 4 clients (out of 4)
DEBUG flwr 2023-12-18 11:41:34,496 | server.py:236 | fit_round 91 received 4 results and 0 failures
DEBUG flwr 2023-12-18 11:41:35,546 | server.py:173 | evaluate_round 91: strategy sampled 4 clients (out of 4)
DEBUG flwr 2023-12-18 11:42:02,977 | server.py:187 | evaluate_round 91 received 4 results and 0 failures
DEBUG flwr 2023-12-18 11:42:02,977 | server.py:222 | fit_round 92: strategy sampled 4 clients (out of 4)
DEBUG flwr 2023-12-18 11:42:13,906 | server.py:236 | fit_round 92 received 4 results and 0 failures
DEBUG flwr 2023-12-18 11:42:14,964 | server.py:173 | evaluate_round 92: strategy sampled 4 clients (out of 4)
DEBUG flwr 2023-12-18 11:42:42,466 | server.py:187 | evaluate_round 92 received 4 results and 0 failures
DEBUG flwr 2023-12-18 11:42:42,466 | server.py:222 | fit_round 93: strategy sampled 4 clients (out of 4)
DEBUG flwr 2023-12-18 11:42:53,184 | server.py:236 | fit_round 93 received 4 results and 0 failures
DEBUG flwr 2023-12-18 11:42:54,247 | server.py:173 | evaluate_round 93: strategy sampled 4 clients (out of 4)
DEBUG flwr 2023-12-18 11:43:21,770 | server.py:187 | evaluate_round 93 received 4 results and 0 failures
DEBUG flwr 2023-12-18 11:43:21,770 | server.py:222 | fit_round 94: strategy sampled 4 clients (out of 4)
DEBUG flwr 2023-12-18 11:43:32,492 | server.py:236 | fit_round 94 received 4 results and 0 failures
DEBUG flwr 2023-12-18 11:43:33,569 | server.py:173 | evaluate_round 94: strategy sampled 4 clients (out of 4)
DEBUG flwr 2023-12-18 11:44:01,016 | server.py:187 | evaluate_round 94 received 4 results and 0 failures
DEBUG flwr 2023-12-18 11:44:01,016 | server.py:222 | fit_round 95: strategy sampled 4 clients (out of 4)
DEBUG flwr 2023-12-18 11:44:11,834 | server.py:236 | fit_round 95 received 4 results and 0 failures
DEBUG flwr 2023-12-18 11:44:12,890 | server.py:173 | evaluate_round 95: strategy sampled 4 clients (out of 4)
DEBUG flwr 2023-12-18 11:44:40,408 | server.py:187 | evaluate_round 95 received 4 results and 0 failures
DEBUG flwr 2023-12-18 11:44:40,408 | server.py:222 | fit_round 96: strategy sampled 4 clients (out of 4)
DEBUG flwr 2023-12-18 11:44:51,228 | server.py:236 | fit_round 96 received 4 results and 0 failures
DEBUG flwr 2023-12-18 11:44:52,343 | server.py:173 | evaluate_round 96: strategy sampled 4 clients (out of 4)
DEBUG flwr 2023-12-18 11:45:19,823 | server.py:187 | evaluate_round 96 received 4 results and 0 failures
DEBUG flwr 2023-12-18 11:45:19,823 | server.py:222 | fit_round 97: strategy sampled 4 clients (out of 4)
DEBUG flwr 2023-12-18 11:45:30,567 | server.py:236 | fit_round 97 received 4 results and 0 failures
DEBUG flwr 2023-12-18 11:45:31,677 | server.py:173 | evaluate_round 97: strategy sampled 4 clients (out of 4)
DEBUG flwr 2023-12-18 11:45:59,071 | server.py:187 | evaluate_round 97 received 4 results and 0 failures
DEBUG flwr 2023-12-18 11:45:59,071 | server.py:222 | fit_round 98: strategy sampled 4 clients (out of 4)
DEBUG flwr 2023-12-18 11:46:09,773 | server.py:236 | fit_round 98 received 4 results and 0 failures
DEBUG flwr 2023-12-18 11:46:10,868 | server.py:173 | evaluate_round 98: strategy sampled 4 clients (out of 4)
DEBUG flwr 2023-12-18 11:46:38,386 | server.py:187 | evaluate_round 98 received 4 results and 0 failures
DEBUG flwr 2023-12-18 11:46:38,386 | server.py:222 | fit_round 99: strategy sampled 4 clients (out of 4)
DEBUG flwr 2023-12-18 11:46:49,013 | server.py:236 | fit_round 99 received 4 results and 0 failures
DEBUG flwr 2023-12-18 11:46:50,072 | server.py:173 | evaluate_round 99: strategy sampled 4 clients (out of 4)
DEBUG flwr 2023-12-18 11:47:17,441 | server.py:187 | evaluate_round 99 received 4 results and 0 failures
DEBUG flwr 2023-12-18 11:47:17,441 | server.py:222 | fit_round 100: strategy sampled 4 clients (out of 4)
DEBUG flwr 2023-12-18 11:47:28,096 | server.py:236 | fit_round 100 received 4 results and 0 failures
DEBUG flwr 2023-12-18 11:47:29,146 | server.py:173 | evaluate_round 100: strategy sampled 4 clients (out of 4)
DEBUG flwr 2023-12-18 11:47:56,486 | server.py:187 | evaluate_round 100 received 4 results and 0 failures
INFO flwr 2023-12-18 11:47:56,503 | server.py:153 | FL finished in 3924.5305459685624
INFO flwr 2023-12-18 11:47:56,525 | app.py:226 | app_fit: losses_distributed [(1, 0.6949582248926163), (2, 0.6941258311271667), (3, 0.6882554739713669), (4, 0.6890905648469925), (5, 0.6858939379453659), (6, 0.6872090995311737), (7, 0.6882074028253555), (8, 0.6835679858922958), (9, 0.6847615391016006), (10, 0.6936032176017761), (11, 0.685101330280304), (12, 0.69376140832901), (13, 0.6593379080295563), (14, 0.674927681684494), (15, 0.6914302706718445), (16, 0.6823309510946274), (17, 0.6734123975038528), (18, 0.6627790629863739), (19, 0.670604407787323), (20, 0.6540634781122208), (21, 0.647744357585907), (22, 0.6533728837966919), (23, 0.6670116782188416), (24, 0.6384196877479553), (25, 0.6626421958208084), (26, 0.6998390853404999), (27, 0.6572642475366592), (28, 0.6178161799907684), (29, 0.618926078081131), (30, 0.6139976978302002), (31, 0.6442068666219711), (32, 0.6467408537864685), (33, 0.5969081521034241), (34, 0.7501352429389954), (35, 0.6492846012115479), (36, 0.6418047398328781), (37, 0.5914828032255173), (38, 0.6537376642227173), (39, 0.6394758969545364), (40, 0.5901120901107788), (41, 0.6460854113101959), (42, 0.5740504711866379), (43, 0.6385867893695831), (44, 0.5665895491838455), (45, 0.8467290997505188), (46, 0.6328748911619186), (47, 0.7101864665746689), (48, 0.6354074031114578), (49, 0.7111716419458389), (50, 0.7117858827114105), (51, 0.7046765983104706), (52, 0.6122135818004608), (53, 0.6252521723508835), (54, 0.5363211184740067), (55, 0.5230499356985092), (56, 0.7116530239582062), (57, 0.7057358026504517), (58, 0.702514186501503), (59, 0.6064943894743919), (60, 0.6008259057998657), (61, 0.8063457161188126), (62, 0.5114483386278152), (63, 0.6139101535081863), (64, 0.82402653247118), (65, 0.4848872423171997), (66, 0.5971261262893677), (67, 0.6209703385829926), (68, 0.7273316085338593), (69, 0.8428474441170692), (70, 0.5928329899907112), (71, 0.6058051884174347), (72, 0.4770267754793167), (73, 0.5920487195253372), (74, 0.4756465256214142), (75, 0.458931066095829), (76, 0.7316294610500336), (77, 0.5907008126378059), (78, 0.5919978395104408), (79, 0.4443802461028099), (80, 0.5961301773786545), (81, 0.5977286472916603), (82, 0.8942574337124825), (83, 0.586455412209034), (84, 0.7489971593022346), (85, 0.7384718060493469), (86, 0.42559123039245605), (87, 0.7369952201843262), (88, 0.750606045126915), (89, 0.591594971716404), (90, 0.42930319905281067), (91, 0.42289233952760696), (92, 0.5876911133527756), (93, 0.5738325193524361), (94, 0.7348373159766197), (95, 0.7373559847474098), (96, 0.7577062249183655), (97, 0.5904452055692673), (98, 0.5826274305582047), (99, 0.9016822427511215), (100, 0.8883842378854752)]
INFO flwr 2023-12-18 11:47:56,525 | app.py:227 | app_fit: metrics_distributed_fit {}
INFO flwr 2023-12-18 11:47:56,525 | app.py:228 | app_fit: metrics_distributed {}
INFO flwr 2023-12-18 11:47:56,525 | app.py:229 | app_fit: losses_centralized []
INFO flwr 2023-12-18 11:47:56,525 | app.py:230 | app_fit: metrics_centralized {}
DEBUG flwr 2023-12-18 11:47:56,598 | connection.py:141 | gRPC channel closed
INFO flwr 2023-12-18 11:47:56,598 | app.py:304 | Disconnect and shut down
Training 1 epoch(s) w/ 8551 batches each
Training 1 epoch(s) w/ 8551 batches each
Training 1 epoch(s) w/ 8551 batches each
Training 1 epoch(s) w/ 8551 batches each
Training 1 epoch(s) w/ 8551 batches each
Training 1 epoch(s) w/ 8551 batches each
Training 1 epoch(s) w/ 8551 batches each
Training 1 epoch(s) w/ 8551 batches each
Training 1 epoch(s) w/ 8551 batches each
Training 1 epoch(s) w/ 8551 batches each
Training 1 epoch(s) w/ 8551 batches each
Training 1 epoch(s) w/ 8551 batches each
Training 1 epoch(s) w/ 8551 batches each
Training 1 epoch(s) w/ 8551 batches each
Training 1 epoch(s) w/ 8551 batches each
Training 1 epoch(s) w/ 8551 batches each
Training 1 epoch(s) w/ 8551 batches each
Training 1 epoch(s) w/ 8551 batches each
Training 1 epoch(s) w/ 8551 batches each
Training 1 epoch(s) w/ 8551 batches each
Training 1 epoch(s) w/ 8551 batches each
Training 1 epoch(s) w/ 8551 batches each
Training 1 epoch(s) w/ 8551 batches each
Training 1 epoch(s) w/ 8551 batches each
Training 1 epoch(s) w/ 8551 batches each
Training 1 epoch(s) w/ 8551 batches each
Training 1 epoch(s) w/ 8551 batches each
Training 1 epoch(s) w/ 8551 batches each
Training 1 epoch(s) w/ 8551 batches each
Training 1 epoch(s) w/ 8551 batches each
Training 1 epoch(s) w/ 8551 batches each
Training 1 epoch(s) w/ 8551 batches each
Training 1 epoch(s) w/ 8551 batches each
Training 1 epoch(s) w/ 8551 batches each
Training 1 epoch(s) w/ 8551 batches each
Training 1 epoch(s) w/ 8551 batches each
Training 1 epoch(s) w/ 8551 batches each
Training 1 epoch(s) w/ 8551 batches each
Training 1 epoch(s) w/ 8551 batches each
Training 1 epoch(s) w/ 8551 batches each
Training 1 epoch(s) w/ 8551 batches each
Training 1 epoch(s) w/ 8551 batches each
Training 1 epoch(s) w/ 8551 batches each
Training 1 epoch(s) w/ 8551 batches each
Training 1 epoch(s) w/ 8551 batches each
Training 1 epoch(s) w/ 8551 batches each
Training 1 epoch(s) w/ 8551 batches each
Training 1 epoch(s) w/ 8551 batches each
Training 1 epoch(s) w/ 8551 batches each
Training 1 epoch(s) w/ 8551 batches each
Training 1 epoch(s) w/ 8551 batches each
Training 1 epoch(s) w/ 8551 batches each
Training 1 epoch(s) w/ 8551 batches each
Training 1 epoch(s) w/ 8551 batches each
Training 1 epoch(s) w/ 8551 batches each
Training 1 epoch(s) w/ 8551 batches each
Training 1 epoch(s) w/ 8551 batches each
Training 1 epoch(s) w/ 8551 batches each
Training 1 epoch(s) w/ 8551 batches each
Training 1 epoch(s) w/ 8551 batches each
Training 1 epoch(s) w/ 8551 batches each
Training 1 epoch(s) w/ 8551 batches each
Training 1 epoch(s) w/ 8551 batches each
Training 1 epoch(s) w/ 8551 batches each
Training 1 epoch(s) w/ 8551 batches each
Training 1 epoch(s) w/ 8551 batches each
Training 1 epoch(s) w/ 8551 batches each
Training 1 epoch(s) w/ 8551 batches each
Training 1 epoch(s) w/ 8551 batches each
Training 1 epoch(s) w/ 8551 batches each
Training 1 epoch(s) w/ 8551 batches each
Training 1 epoch(s) w/ 8551 batches each
Training 1 epoch(s) w/ 8551 batches each
Training 1 epoch(s) w/ 8551 batches each
Training 1 epoch(s) w/ 8551 batches each
Training 1 epoch(s) w/ 8551 batches each
Training 1 epoch(s) w/ 8551 batches each
Training 1 epoch(s) w/ 8551 batches each
Training 1 epoch(s) w/ 8551 batches each
Training 1 epoch(s) w/ 8551 batches each
Training 1 epoch(s) w/ 8551 batches each
Training 1 epoch(s) w/ 8551 batches each
Training 1 epoch(s) w/ 8551 batches each
Training 1 epoch(s) w/ 8551 batches each
Training 1 epoch(s) w/ 8551 batches each
Training 1 epoch(s) w/ 8551 batches each
Training 1 epoch(s) w/ 8551 batches each
Training 1 epoch(s) w/ 8551 batches each
Training 1 epoch(s) w/ 8551 batches each
Training 1 epoch(s) w/ 8551 batches each
Training 1 epoch(s) w/ 8551 batches each
Training 1 epoch(s) w/ 8551 batches each
Training 1 epoch(s) w/ 8551 batches each
Training 1 epoch(s) w/ 8551 batches each
Training 1 epoch(s) w/ 8551 batches each
Training 1 epoch(s) w/ 8551 batches each
Training 1 epoch(s) w/ 8551 batches each
Training 1 epoch(s) w/ 8551 batches each
Training 1 epoch(s) w/ 8551 batches each
Training 1 epoch(s) w/ 8551 batches each
DEBUG flwr 2023-12-18 11:47:56,628 | connection.py:141 | gRPC channel closed
INFO flwr 2023-12-18 11:47:56,632 | app.py:304 | Disconnect and shut down
Training 1 epoch(s) w/ 8551 batches each
Training 1 epoch(s) w/ 8551 batches each
Training 1 epoch(s) w/ 8551 batches each
Training 1 epoch(s) w/ 8551 batches each
Training 1 epoch(s) w/ 8551 batches each
Training 1 epoch(s) w/ 8551 batches each
Training 1 epoch(s) w/ 8551 batches each
Training 1 epoch(s) w/ 8551 batches each
Training 1 epoch(s) w/ 8551 batches each
Training 1 epoch(s) w/ 8551 batches each
Training 1 epoch(s) w/ 8551 batches each
Training 1 epoch(s) w/ 8551 batches each
Training 1 epoch(s) w/ 8551 batches each
Training 1 epoch(s) w/ 8551 batches each
Training 1 epoch(s) w/ 8551 batches each
Training 1 epoch(s) w/ 8551 batches each
Training 1 epoch(s) w/ 8551 batches each
Training 1 epoch(s) w/ 8551 batches each
Training 1 epoch(s) w/ 8551 batches each
Training 1 epoch(s) w/ 8551 batches each
Training 1 epoch(s) w/ 8551 batches each
Training 1 epoch(s) w/ 8551 batches each
Training 1 epoch(s) w/ 8551 batches each
Training 1 epoch(s) w/ 8551 batches each
Training 1 epoch(s) w/ 8551 batches each
Training 1 epoch(s) w/ 8551 batches each
Training 1 epoch(s) w/ 8551 batches each
Training 1 epoch(s) w/ 8551 batches each
Training 1 epoch(s) w/ 8551 batches each
Training 1 epoch(s) w/ 8551 batches each
Training 1 epoch(s) w/ 8551 batches each
Training 1 epoch(s) w/ 8551 batches each
Training 1 epoch(s) w/ 8551 batches each
Training 1 epoch(s) w/ 8551 batches each
Training 1 epoch(s) w/ 8551 batches each
Training 1 epoch(s) w/ 8551 batches each
Training 1 epoch(s) w/ 8551 batches each
Training 1 epoch(s) w/ 8551 batches each
Training 1 epoch(s) w/ 8551 batches each
Training 1 epoch(s) w/ 8551 batches each
Training 1 epoch(s) w/ 8551 batches each
Training 1 epoch(s) w/ 8551 batches each
Training 1 epoch(s) w/ 8551 batches each
Training 1 epoch(s) w/ 8551 batches each
Training 1 epoch(s) w/ 8551 batches each
Training 1 epoch(s) w/ 8551 batches each
Training 1 epoch(s) w/ 8551 batches each
Training 1 epoch(s) w/ 8551 batches each
Training 1 epoch(s) w/ 8551 batches each
Training 1 epoch(s) w/ 8551 batches each
Training 1 epoch(s) w/ 8551 batches each
Training 1 epoch(s) w/ 8551 batches each
Training 1 epoch(s) w/ 8551 batches each
Training 1 epoch(s) w/ 8551 batches each
Training 1 epoch(s) w/ 8551 batches each
Training 1 epoch(s) w/ 8551 batches each
Training 1 epoch(s) w/ 8551 batches each
Training 1 epoch(s) w/ 8551 batches each
Training 1 epoch(s) w/ 8551 batches each
Training 1 epoch(s) w/ 8551 batches each
Training 1 epoch(s) w/ 8551 batches each
Training 1 epoch(s) w/ 8551 batches each
Training 1 epoch(s) w/ 8551 batches each
Training 1 epoch(s) w/ 8551 batches each
Training 1 epoch(s) w/ 8551 batches each
Training 1 epoch(s) w/ 8551 batches each
Training 1 epoch(s) w/ 8551 batches each
Training 1 epoch(s) w/ 8551 batches each
Training 1 epoch(s) w/ 8551 batches each
Training 1 epoch(s) w/ 8551 batches each
Training 1 epoch(s) w/ 8551 batches each
Training 1 epoch(s) w/ 8551 batches each
Training 1 epoch(s) w/ 8551 batches each
Training 1 epoch(s) w/ 8551 batches each
Training 1 epoch(s) w/ 8551 batches each
Training 1 epoch(s) w/ 8551 batches each
Training 1 epoch(s) w/ 8551 batches each
Training 1 epoch(s) w/ 8551 batches each
Training 1 epoch(s) w/ 8551 batches each
Training 1 epoch(s) w/ 8551 batches each
Training 1 epoch(s) w/ 8551 batches each
Training 1 epoch(s) w/ 8551 batches each
Training 1 epoch(s) w/ 8551 batches each
Training 1 epoch(s) w/ 8551 batches each
Training 1 epoch(s) w/ 8551 batches each
Training 1 epoch(s) w/ 8551 batches each
Training 1 epoch(s) w/ 8551 batches each
Training 1 epoch(s) w/ 8551 batches each
Training 1 epoch(s) w/ 8551 batches each
Training 1 epoch(s) w/ 8551 batches each
Training 1 epoch(s) w/ 8551 batches each
Training 1 epoch(s) w/ 8551 batches each
Training 1 epoch(s) w/ 8551 batches each
Training 1 epoch(s) w/ 8551 batches each
Training 1 epoch(s) w/ 8551 batches each
Training 1 epoch(s) w/ 8551 batches each
Training 1 epoch(s) w/ 8551 batches each
Training 1 epoch(s) w/ 8551 batches each
Training 1 epoch(s) w/ 8551 batches each
Training 1 epoch(s) w/ 8551 batches each
DEBUG flwr 2023-12-18 11:47:56,632 | connection.py:141 | gRPC channel closed
INFO flwr 2023-12-18 11:47:56,650 | app.py:304 | Disconnect and shut down
DEBUG flwr 2023-12-18 11:47:56,703 | connection.py:141 | gRPC channel closed
INFO flwr 2023-12-18 11:47:56,703 | app.py:304 | Disconnect and shut down
Training 1 epoch(s) w/ 8551 batches each
Training 1 epoch(s) w/ 8551 batches each
Training 1 epoch(s) w/ 8551 batches each
Training 1 epoch(s) w/ 8551 batches each
Training 1 epoch(s) w/ 8551 batches each
Training 1 epoch(s) w/ 8551 batches each
Training 1 epoch(s) w/ 8551 batches each
Training 1 epoch(s) w/ 8551 batches each
Training 1 epoch(s) w/ 8551 batches each
Training 1 epoch(s) w/ 8551 batches each
Training 1 epoch(s) w/ 8551 batches each
Training 1 epoch(s) w/ 8551 batches each
Training 1 epoch(s) w/ 8551 batches each
Training 1 epoch(s) w/ 8551 batches each
Training 1 epoch(s) w/ 8551 batches each
Training 1 epoch(s) w/ 8551 batches each
Training 1 epoch(s) w/ 8551 batches each
Training 1 epoch(s) w/ 8551 batches each
Training 1 epoch(s) w/ 8551 batches each
Training 1 epoch(s) w/ 8551 batches each
Training 1 epoch(s) w/ 8551 batches each
Training 1 epoch(s) w/ 8551 batches each
Training 1 epoch(s) w/ 8551 batches each
Training 1 epoch(s) w/ 8551 batches each
Training 1 epoch(s) w/ 8551 batches each
Training 1 epoch(s) w/ 8551 batches each
Training 1 epoch(s) w/ 8551 batches each
Training 1 epoch(s) w/ 8551 batches each
Training 1 epoch(s) w/ 8551 batches each
Training 1 epoch(s) w/ 8551 batches each
Training 1 epoch(s) w/ 8551 batches each
Training 1 epoch(s) w/ 8551 batches each
Training 1 epoch(s) w/ 8551 batches each
Training 1 epoch(s) w/ 8551 batches each
Training 1 epoch(s) w/ 8551 batches each
Training 1 epoch(s) w/ 8551 batches each
Training 1 epoch(s) w/ 8551 batches each
Training 1 epoch(s) w/ 8551 batches each
Training 1 epoch(s) w/ 8551 batches each
Training 1 epoch(s) w/ 8551 batches each
Training 1 epoch(s) w/ 8551 batches each
Training 1 epoch(s) w/ 8551 batches each
Training 1 epoch(s) w/ 8551 batches each
Training 1 epoch(s) w/ 8551 batches each
Training 1 epoch(s) w/ 8551 batches each
Training 1 epoch(s) w/ 8551 batches each
Training 1 epoch(s) w/ 8551 batches each
Training 1 epoch(s) w/ 8551 batches each
Training 1 epoch(s) w/ 8551 batches each
Training 1 epoch(s) w/ 8551 batches each
Training 1 epoch(s) w/ 8551 batches each
Training 1 epoch(s) w/ 8551 batches each
Training 1 epoch(s) w/ 8551 batches each
Training 1 epoch(s) w/ 8551 batches each
Training 1 epoch(s) w/ 8551 batches each
Training 1 epoch(s) w/ 8551 batches each
Training 1 epoch(s) w/ 8551 batches each
Training 1 epoch(s) w/ 8551 batches each
Training 1 epoch(s) w/ 8551 batches each
Training 1 epoch(s) w/ 8551 batches each
Training 1 epoch(s) w/ 8551 batches each
Training 1 epoch(s) w/ 8551 batches each
Training 1 epoch(s) w/ 8551 batches each
Training 1 epoch(s) w/ 8551 batches each
Training 1 epoch(s) w/ 8551 batches each
Training 1 epoch(s) w/ 8551 batches each
Training 1 epoch(s) w/ 8551 batches each
Training 1 epoch(s) w/ 8551 batches each
Training 1 epoch(s) w/ 8551 batches each
Training 1 epoch(s) w/ 8551 batches each
Training 1 epoch(s) w/ 8551 batches each
Training 1 epoch(s) w/ 8551 batches each
Training 1 epoch(s) w/ 8551 batches each
Training 1 epoch(s) w/ 8551 batches each
Training 1 epoch(s) w/ 8551 batches each
Training 1 epoch(s) w/ 8551 batches each
Training 1 epoch(s) w/ 8551 batches each
Training 1 epoch(s) w/ 8551 batches each
Training 1 epoch(s) w/ 8551 batches each
Training 1 epoch(s) w/ 8551 batches each
Training 1 epoch(s) w/ 8551 batches each
Training 1 epoch(s) w/ 8551 batches each
Training 1 epoch(s) w/ 8551 batches each
Training 1 epoch(s) w/ 8551 batches each
Training 1 epoch(s) w/ 8551 batches each
Training 1 epoch(s) w/ 8551 batches each
Training 1 epoch(s) w/ 8551 batches each
Training 1 epoch(s) w/ 8551 batches each
Training 1 epoch(s) w/ 8551 batches each
Training 1 epoch(s) w/ 8551 batches each
Training 1 epoch(s) w/ 8551 batches each
Training 1 epoch(s) w/ 8551 batches each
Training 1 epoch(s) w/ 8551 batches each
Training 1 epoch(s) w/ 8551 batches each
Training 1 epoch(s) w/ 8551 batches each
Training 1 epoch(s) w/ 8551 batches each
Training 1 epoch(s) w/ 8551 batches each
Training 1 epoch(s) w/ 8551 batches each
Training 1 epoch(s) w/ 8551 batches each
Training 1 epoch(s) w/ 8551 batches each
Total time taken:  4037.5095307826996
Training 1 epoch(s) w/ 8551 batches each
Training 1 epoch(s) w/ 8551 batches each
Training 1 epoch(s) w/ 8551 batches each
Training 1 epoch(s) w/ 8551 batches each
Training 1 epoch(s) w/ 8551 batches each
Training 1 epoch(s) w/ 8551 batches each
Training 1 epoch(s) w/ 8551 batches each
Training 1 epoch(s) w/ 8551 batches each
Training 1 epoch(s) w/ 8551 batches each
Training 1 epoch(s) w/ 8551 batches each
Training 1 epoch(s) w/ 8551 batches each
Training 1 epoch(s) w/ 8551 batches each
Training 1 epoch(s) w/ 8551 batches each
Training 1 epoch(s) w/ 8551 batches each
Training 1 epoch(s) w/ 8551 batches each
Training 1 epoch(s) w/ 8551 batches each
Training 1 epoch(s) w/ 8551 batches each
Training 1 epoch(s) w/ 8551 batches each
Training 1 epoch(s) w/ 8551 batches each
Training 1 epoch(s) w/ 8551 batches each
Training 1 epoch(s) w/ 8551 batches each
Training 1 epoch(s) w/ 8551 batches each
Training 1 epoch(s) w/ 8551 batches each
Training 1 epoch(s) w/ 8551 batches each
Training 1 epoch(s) w/ 8551 batches each
Training 1 epoch(s) w/ 8551 batches each
Training 1 epoch(s) w/ 8551 batches each
Training 1 epoch(s) w/ 8551 batches each
Training 1 epoch(s) w/ 8551 batches each
Training 1 epoch(s) w/ 8551 batches each
Training 1 epoch(s) w/ 8551 batches each
Training 1 epoch(s) w/ 8551 batches each
Training 1 epoch(s) w/ 8551 batches each
Training 1 epoch(s) w/ 8551 batches each
Training 1 epoch(s) w/ 8551 batches each
Training 1 epoch(s) w/ 8551 batches each
Training 1 epoch(s) w/ 8551 batches each
Training 1 epoch(s) w/ 8551 batches each
Training 1 epoch(s) w/ 8551 batches each
Training 1 epoch(s) w/ 8551 batches each
Training 1 epoch(s) w/ 8551 batches each
Training 1 epoch(s) w/ 8551 batches each
Training 1 epoch(s) w/ 8551 batches each
Training 1 epoch(s) w/ 8551 batches each
Training 1 epoch(s) w/ 8551 batches each
Training 1 epoch(s) w/ 8551 batches each
Training 1 epoch(s) w/ 8551 batches each
Training 1 epoch(s) w/ 8551 batches each
Training 1 epoch(s) w/ 8551 batches each
Training 1 epoch(s) w/ 8551 batches each
Training 1 epoch(s) w/ 8551 batches each
Training 1 epoch(s) w/ 8551 batches each
Training 1 epoch(s) w/ 8551 batches each
Training 1 epoch(s) w/ 8551 batches each
Training 1 epoch(s) w/ 8551 batches each
Training 1 epoch(s) w/ 8551 batches each
Training 1 epoch(s) w/ 8551 batches each
Training 1 epoch(s) w/ 8551 batches each
Training 1 epoch(s) w/ 8551 batches each
Training 1 epoch(s) w/ 8551 batches each
Training 1 epoch(s) w/ 8551 batches each
Training 1 epoch(s) w/ 8551 batches each
Training 1 epoch(s) w/ 8551 batches each
Training 1 epoch(s) w/ 8551 batches each
Training 1 epoch(s) w/ 8551 batches each
Training 1 epoch(s) w/ 8551 batches each
Training 1 epoch(s) w/ 8551 batches each
Training 1 epoch(s) w/ 8551 batches each
Training 1 epoch(s) w/ 8551 batches each
Training 1 epoch(s) w/ 8551 batches each
Training 1 epoch(s) w/ 8551 batches each
Training 1 epoch(s) w/ 8551 batches each
Training 1 epoch(s) w/ 8551 batches each
Training 1 epoch(s) w/ 8551 batches each
Training 1 epoch(s) w/ 8551 batches each
Training 1 epoch(s) w/ 8551 batches each
Training 1 epoch(s) w/ 8551 batches each
Training 1 epoch(s) w/ 8551 batches each
Training 1 epoch(s) w/ 8551 batches each
Training 1 epoch(s) w/ 8551 batches each
Training 1 epoch(s) w/ 8551 batches each
Training 1 epoch(s) w/ 8551 batches each
Training 1 epoch(s) w/ 8551 batches each
Training 1 epoch(s) w/ 8551 batches each
Training 1 epoch(s) w/ 8551 batches each
Training 1 epoch(s) w/ 8551 batches each
Training 1 epoch(s) w/ 8551 batches each
Training 1 epoch(s) w/ 8551 batches each
Training 1 epoch(s) w/ 8551 batches each
Training 1 epoch(s) w/ 8551 batches each
Training 1 epoch(s) w/ 8551 batches each
Training 1 epoch(s) w/ 8551 batches each
Training 1 epoch(s) w/ 8551 batches each
Training 1 epoch(s) w/ 8551 batches each
Training 1 epoch(s) w/ 8551 batches each
Training 1 epoch(s) w/ 8551 batches each
Training 1 epoch(s) w/ 8551 batches each
Training 1 epoch(s) w/ 8551 batches each
Training 1 epoch(s) w/ 8551 batches each
Training 1 epoch(s) w/ 8551 batches each
